<?xml version="1.0" encoding="UTF-8"?>
<!-- Generated by org.testng.reporters.JUnitReportReporter -->
<testsuite hostname="Shivangi" name="gridExample.ParallelTestB" tests="2" failures="0" timestamp="7 Mar 2017 03:19:26 GMT" time="56.709" errors="0">
  <testcase name="testGooglePageTitleInChrome" time="32.319" classname="gridExample.ParallelTestB"/>
  <testcase name="testSearchGoogle" time="24.390" classname="gridExample.ParallelTestB"/>
</testsuite> <!-- gridExample.ParallelTestB -->
