<?xml version="1.0" encoding="UTF-8"?>
<!-- Generated by org.testng.reporters.JUnitReportReporter -->
<testsuite hostname="Shivangi" name="gridExample.ParallelTestA" tests="1" failures="0" timestamp="7 Mar 2017 03:19:26 GMT" time="20.715" errors="0">
  <testcase name="testGooglePageTitleInFirefox" time="20.715" classname="gridExample.ParallelTestA"/>
</testsuite> <!-- gridExample.ParallelTestA -->
