<?xml version="1.0" encoding="UTF-8"?>
<!-- Generated by org.testng.reporters.JUnitReportReporter -->
<testsuite hostname="Shivangi" name="grid.FirstExample" tests="1" failures="0" timestamp="7 Mar 2017 03:13:14 GMT" time="30.540" errors="0">
  <testcase name="simpleTest" time="30.540" classname="grid.FirstExample"/>
</testsuite> <!-- grid.FirstExample -->
