<?xml version="1.0" encoding="UTF-8"?>
<!-- Generated by org.testng.reporters.JUnitReportReporter -->
<testsuite hostname="Shivangi" name="com.test.NewTest" tests="1" failures="0" timestamp="26 Jul 2016 02:06:02 GMT" time="0.000" errors="1">
  <testcase name="f" time="0.000" classname="com.test.NewTest">
    <error type="java.lang.NoClassDefFoundError" message="com/gargoylesoftware/htmlunit/html/HtmlElement">
      <![CDATA[java.lang.NoClassDefFoundError: com/gargoylesoftware/htmlunit/html/HtmlElement
	at com.util.PageDriver.startHtml(PageDriver.java:54)
	at com.util.PageDriver.start(PageDriver.java:35)
	at com.util.PageDriver.<init>(PageDriver.java:20)
	at com.base.BaseTest.beforeSuite(BaseTest.java:21)
	at sun.reflect.NativeMethodAccessorImpl.invoke0(Native Method)
	at sun.reflect.NativeMethodAccessorImpl.invoke(Unknown Source)
	at sun.reflect.DelegatingMethodAccessorImpl.invoke(Unknown Source)
	at java.lang.reflect.Method.invoke(Unknown Source)
	at org.testng.internal.MethodInvocationHelper.invokeMethod(MethodInvocationHelper.java:86)
	at org.testng.internal.Invoker.invokeConfigurationMethod(Invoker.java:515)
	at org.testng.internal.Invoker.invokeConfigurations(Invoker.java:216)
	at org.testng.internal.Invoker.invokeConfigurations(Invoker.java:143)
	at org.testng.SuiteRunner.privateRun(SuiteRunner.java:305)
	at org.testng.SuiteRunner.run(SuiteRunner.java:268)
	at org.testng.SuiteRunnerWorker.runSuite(SuiteRunnerWorker.java:52)
	at org.testng.SuiteRunnerWorker.run(SuiteRunnerWorker.java:86)
	at org.testng.TestNG.runSuitesSequentially(TestNG.java:1225)
	at org.testng.TestNG.runSuitesLocally(TestNG.java:1150)
	at org.testng.TestNG.runSuites(TestNG.java:1075)
	at org.testng.TestNG.run(TestNG.java:1047)
	at org.testng.remote.AbstractRemoteTestNG.run(AbstractRemoteTestNG.java:126)
	at org.testng.remote.RemoteTestNG.initAndRun(RemoteTestNG.java:137)
	at org.testng.remote.RemoteTestNG.main(RemoteTestNG.java:58)
Caused by: java.lang.ClassNotFoundException: com.gargoylesoftware.htmlunit.html.HtmlElement
	at java.net.URLClassLoader.findClass(Unknown Source)
	at java.lang.ClassLoader.loadClass(Unknown Source)
	at sun.misc.Launcher$AppClassLoader.loadClass(Unknown Source)
	at java.lang.ClassLoader.loadClass(Unknown Source)
	... 23 more
]]>
    </error>
  </testcase> <!-- f -->
</testsuite> <!-- com.test.NewTest -->
